<?xml version="1.0" encoding="UTF-8"?>
<testng-results ignored="0" total="1" passed="1" failed="0" skipped="0">
  <reporter-output>
  </reporter-output>
  <suite started-at="2022-04-02T09:39:51 IST" name="Default suite" finished-at="2022-04-02T09:40:11 IST" duration-ms="19531">
    <groups>
    </groups>
    <test started-at="2022-04-02T09:39:51 IST" name="Default test" finished-at="2022-04-02T09:40:11 IST" duration-ms="19531">
      <class name="testCases.UpdateProfile">
        <test-method signature="updateProfile()[pri:0, instance:testCases.UpdateProfile@619713e5]" started-at="2022-04-02T09:39:51 IST" name="updateProfile" finished-at="2022-04-02T09:40:11 IST" duration-ms="19467" status="PASS">
          <reporter-output>
          </reporter-output>
        </test-method> <!-- updateProfile -->
      </class> <!-- testCases.UpdateProfile -->
    </test> <!-- Default test -->
  </suite> <!-- Default suite -->
</testng-results>
